Locale/locale-plugin-ssid-master/app/build/outputs/logs/manifest-merger-debug-report.txt
-- Merging decision tree log ---
manifest
ADDED from src\main\AndroidManifest.xml:2:1-77:12
INJECTED from src\main\AndroidManifest.xml:2:1-77:12
INJECTED from src\main\AndroidManifest.xml:2:1-77:12
INJECTED from src\main\AndroidManifest.xml:2:1-77:12
MERGED from [com.twofortyfouram:android-plugin-api-for-locale:1.0.4] AndroidManifest.xml:2:1-14:12
INJECTED from src\main\AndroidManifest.xml:2:1-77:12
INJECTED from src\main\AndroidManifest.xml:2:1-77:12
INJECTED from src\main\AndroidManifest.xml:2:1-77:12
	package
		ADDED from src\main\AndroidManifest.xml:4:5-32
		INJECTED from src\main\AndroidManifest.xml
		INJECTED from src\main\AndroidManifest.xml
	android:versionName
		ADDED from src\main\AndroidManifest.xml:6:5-32
		INJECTED from src\main\AndroidManifest.xml
		INJECTED from src\main\AndroidManifest.xml
	xmlns:android
		ADDED from src\main\AndroidManifest.xml:3:5-63
	android:versionCode
		ADDED from src\main\AndroidManifest.xml:5:5-28
		INJECTED from src\main\AndroidManifest.xml
		INJECTED from src\main\AndroidManifest.xml
supports-screens
ADDED from src\main\AndroidManifest.xml:14:5-17:39
	android:largeScreens
		ADDED from src\main\AndroidManifest.xml:17:9-36
	android:smallScreens
		ADDED from src\main\AndroidManifest.xml:15:9-36
	android:normalScreens
		ADDED from src\main\AndroidManifest.xml:16:9-37
uses-permission#android.permission.ACCESS_WIFI_STATE
ADDED from src\main\AndroidManifest.xml:18:5-76
	android:name
		ADDED from src\main\AndroidManifest.xml:18:22-73
application
ADDED from src\main\AndroidManifest.xml:20:5-76:19
MERGED from [com.twofortyfouram:android-plugin-api-for-locale:1.0.4] AndroidManifest.xml:12:5-20
MERGED from [com.twofortyfouram:android-plugin-api-for-locale:1.0.4] AndroidManifest.xml:12:5-20
	android:label
		ADDED from src\main\AndroidManifest.xml:21:9-41
	android:icon
		ADDED from src\main\AndroidManifest.xml:22:9-42
activity#com.twofortyfouram.MarketActivity
ADDED from src\main\AndroidManifest.xml:29:9-41:20
	android:label
		ADDED from src\main\AndroidManifest.xml:31:13-45
	android:icon
		ADDED from src\main\AndroidManifest.xml:32:13-46
	android:theme
		ADDED from src\main\AndroidManifest.xml:33:13-72
	android:name
		ADDED from src\main\AndroidManifest.xml:30:13-61
intent-filter#action:name:android.intent.action.MAIN+category:name:android.intent.category.INFO
ADDED from src\main\AndroidManifest.xml:35:13-40:29
action#android.intent.action.MAIN
ADDED from src\main\AndroidManifest.xml:36:17-37:65
	android:name
		ADDED from src\main\AndroidManifest.xml:37:21-62
category#android.intent.category.INFO
ADDED from src\main\AndroidManifest.xml:38:17-39:67
	android:name
		ADDED from src\main\AndroidManifest.xml:39:21-64
activity#org.johanhil.ssid.EditActivity
ADDED from src\main\AndroidManifest.xml:47:9-57:20
	android:label
		ADDED from src\main\AndroidManifest.xml:49:13-48
	android:icon
		ADDED from src\main\AndroidManifest.xml:50:13-49
	android:name
		ADDED from src\main\AndroidManifest.xml:48:13-41
intent-filter#action:name:com.twofortyfouram.locale.intent.action.EDIT_CONDITION
ADDED from src\main\AndroidManifest.xml:53:13-56:29
action#com.twofortyfouram.locale.intent.action.EDIT_CONDITION
ADDED from src\main\AndroidManifest.xml:54:17-55:93
	android:name
		ADDED from src\main\AndroidManifest.xml:55:21-90
receiver#org.johanhil.ssid.QueryReceiver
ADDED from src\main\AndroidManifest.xml:59:9-67:20
	android:name
		ADDED from src\main\AndroidManifest.xml:60:13-42
intent-filter#action:name:com.twofortyfouram.locale.intent.action.QUERY_CONDITION
ADDED from src\main\AndroidManifest.xml:63:13-66:29
action#com.twofortyfouram.locale.intent.action.QUERY_CONDITION
ADDED from src\main\AndroidManifest.xml:64:17-65:94
	android:name
		ADDED from src\main\AndroidManifest.xml:65:21-91
service#org.johanhil.ssid.BackgroundService
ADDED from src\main\AndroidManifest.xml:71:9-73:19
	android:name
		ADDED from src\main\AndroidManifest.xml:72:13-63
uses-sdk
INJECTED from src\main\AndroidManifest.xml reason: use-sdk injection requested
INJECTED from src\main\AndroidManifest.xml
INJECTED from src\main\AndroidManifest.xml
MERGED from [com.twofortyfouram:android-plugin-api-for-locale:1.0.4] AndroidManifest.xml:8:5-10:41
MERGED from [com.twofortyfouram:android-plugin-api-for-locale:1.0.4] AndroidManifest.xml:8:5-10:41
INJECTED from src\main\AndroidManifest.xml
INJECTED from src\main\AndroidManifest.xml
	android:targetSdkVersion
		INJECTED from src\main\AndroidManifest.xml
		ADDED from src\main\AndroidManifest.xml
		INJECTED from src\main\AndroidManifest.xml
	android:minSdkVersion
		INJECTED from src\main\AndroidManifest.xml
		ADDED from src\main\AndroidManifest.xml
		INJECTED from src\main\AndroidManifest.xml